Build started 23/04/2016 18:58:39.
     1>Project "C:\Users\Fernando Teixeira Jr\Documents\PUC-Rio\2016.1\Programação Modular\Trabalho_Modular.git\trunk\Truco_Trabalho_Modular\Truco_Trabalho_Modular\Truco_Trabalho_Modular.vcxproj" on node 2 (build target(s)).
     1>InitializeBuildStatus:
         Touching "Debug\Truco_Trabalho_Modular.unsuccessfulbuild".
       ClCompile:
         c:\Program Files (x86)\Microsoft Visual Studio 10.0\VC\bin\CL.exe /c /ZI /nologo /W3 /WX- /Od /Oy- /D WIN32 /D _DEBUG /D _CONSOLE /D _UNICODE /D UNICODE /Gm /EHsc /RTC1 /MDd /GS /fp:precise /Zc:wchar_t /Zc:forScope /Fo"Debug\\" /Fd"Debug\vc100.pdb" /Gd /TC /analyze- /errorReport:prompt Baralho.c
         Baralho.c
     1>c:\users\fernando teixeira jr\documents\puc-rio\2016.1\programação modular\trabalho_modular.git\trunk\truco_trabalho_modular\truco_trabalho_modular\baralho.c(79): warning C4244: 'function' : conversion from 'time_t' to 'unsigned int', possible loss of data
       ManifestResourceCompile:
         All outputs are up-to-date.
       Link:
         c:\Program Files (x86)\Microsoft Visual Studio 10.0\VC\bin\link.exe /ERRORREPORT:PROMPT /OUT:"C:\Users\Fernando Teixeira Jr\Documents\PUC-Rio\2016.1\Programação Modular\Trabalho_Modular.git\trunk\Truco_Trabalho_Modular\Debug\Truco_Trabalho_Modular.exe" /INCREMENTAL /NOLOGO kernel32.lib user32.lib gdi32.lib winspool.lib comdlg32.lib advapi32.lib shell32.lib ole32.lib oleaut32.lib uuid.lib odbc32.lib odbccp32.lib /MANIFEST /ManifestFile:"Debug\Truco_Trabalho_Modular.exe.intermediate.manifest" /MANIFESTUAC:"level='asInvoker' uiAccess='false'" /DEBUG /PDB:"C:\Users\Fernando Teixeira Jr\Documents\PUC-Rio\2016.1\Programação Modular\Trabalho_Modular.git\trunk\Truco_Trabalho_Modular\Debug\Truco_Trabalho_Modular.pdb" /SUBSYSTEM:CONSOLE /TLBID:1 /DYNAMICBASE /NXCOMPAT /IMPLIB:"C:\Users\Fernando Teixeira Jr\Documents\PUC-Rio\2016.1\Programação Modular\Trabalho_Modular.git\trunk\Truco_Trabalho_Modular\Debug\Truco_Trabalho_Modular.lib" /MACHINE:X86 Debug\Truco_Trabalho_Modular.exe.embed.manifest.res
         Debug\Baralho.obj
         Debug\LISTA.obj
         Debug\main.obj
       Manifest:
         C:\Program Files (x86)\Microsoft SDKs\Windows\v7.0A\bin\mt.exe /nologo /verbose /out:"Debug\Truco_Trabalho_Modular.exe.embed.manifest" /manifest Debug\Truco_Trabalho_Modular.exe.intermediate.manifest
         All outputs are up-to-date.
       LinkEmbedManifest:
         All outputs are up-to-date.
         Truco_Trabalho_Modular.vcxproj -> C:\Users\Fernando Teixeira Jr\Documents\PUC-Rio\2016.1\Programação Modular\Trabalho_Modular.git\trunk\Truco_Trabalho_Modular\Debug\Truco_Trabalho_Modular.exe
       FinalizeBuildStatus:
         Deleting file "Debug\Truco_Trabalho_Modular.unsuccessfulbuild".
         Touching "Debug\Truco_Trabalho_Modular.lastbuildstate".
     1>Done Building Project "C:\Users\Fernando Teixeira Jr\Documents\PUC-Rio\2016.1\Programação Modular\Trabalho_Modular.git\trunk\Truco_Trabalho_Modular\Truco_Trabalho_Modular\Truco_Trabalho_Modular.vcxproj" (build target(s)).

Build succeeded.

Time Elapsed 00:00:00.46
